<?xml version="1.0" encoding="utf-8"?><testsuites name="pytest tests"><testsuite name="pytest" errors="0" failures="0" skipped="0" tests="9" time="1.999" timestamp="2026-08-24T08:24:38.401268+00:00" hostname="agent-env-8eb83d74-9e4c-499e-9c24-b8a4f3c731f4"><testcase classname="tests.test_audio_batch" name="test_audio_list_exactly_five" time="0.279" /><testcase classname="tests.test_audio_batch" name="test_audio_list_bytes_substantial" time="0.146" /><testcase classname="tests.test_audio_batch" name="test_generate_idempotent_all_skipped" time="0.162" /><testcase classname="tests.test_audio_batch" name="test_teaching_script_pattern" time="0.000" /><testcase classname="tests.test_audio_batch" name="test_mp3_served[LU-7]" time="0.173" /><testcase classname="tests.test_audio_batch" name="test_mp3_served[LI-4]" time="0.160" /><testcase classname="tests.test_audio_batch" name="test_mp3_served[ST-36]" time="0.191" /><testcase classname="tests.test_audio_batch" name="test_mp3_served[SP-6]" time="0.201" /><testcase classname="tests.test_audio_batch" name="test_mp3_served[DU-20]" time="0.165" /></testsuite></testsuites>